13-May-2019 16:44:37: 1 same countries fail
13-May-2019 16:44:37: 2 same countries fail
13-May-2019 16:45:44: 1 same countries fail
13-May-2019 16:45:44: 2 same countries fail
13-May-2019 16:45:44: 3 inside type 2
13-May-2019 16:56:18: 1 same countries fail
13-May-2019 16:56:18: 2 same countries fail
13-May-2019 16:56:18: 3 inside type 2
13-May-2019 17:20:18: Newsletter: 
13-May-2019 17:21:59: Newsletter: 0TNocXvi0QYn83VfjqjzWylaXUm7ACsC4KKGO+RjIms6bPEjAnCW06feevCNwUbkuYHzUxBE/g0W+tqQSFfbAqvGRVLQMcZOr49AxPsu4xfmF6YfRfy+paImoEXaoDOeec1JAu6qtwvUWcr7IoWFjg==
13-May-2019 20:42:32: 1 same countries fail
13-May-2019 20:42:32: 2 same countries fail
13-May-2019 20:42:32: 3 inside type 2
14-May-2019 09:51:45: 1 same countries fail
14-May-2019 09:51:45: 2 same countries fail
14-May-2019 09:51:45: 3 inside type 2
14-May-2019 09:56:57: 1 same countries fail
14-May-2019 09:56:57: 2 inside type 2
14-May-2019 09:56:57: 3 distinct countries fail
14-May-2019 09:57:49: 1 same countries fail
14-May-2019 09:57:49: 2 inside type 2
14-May-2019 09:57:49: 3 distinct countries fail
14-May-2019 10:02:13: 1 same countries fail
14-May-2019 10:02:13: 2 same countries fail
14-May-2019 10:02:13: 3 inside type 2
14-May-2019 10:02:35: 1 same countries fail
14-May-2019 10:02:35: 2 same countries fail
14-May-2019 10:02:35: 3 inside type 2
14-May-2019 10:02:53: 1 same countries fail
14-May-2019 10:02:53: 2 same countries fail
14-May-2019 10:02:53: 3 inside type 2
14-May-2019 10:04:44: 1 same countries fail
14-May-2019 10:04:44: 2 same countries fail
14-May-2019 10:04:44: 3 inside type 2
14-May-2019 10:07:22: 1 same countries fail
14-May-2019 10:08:54: 1 same countries fail
14-May-2019 10:08:54: 2 same countries fail
14-May-2019 10:08:54: 3 inside type 2
14-May-2019 10:09:00: 1 same countries fail
14-May-2019 10:09:00: 2 same countries fail
14-May-2019 10:09:00: 3 inside type 2
14-May-2019 10:32:30: 1 same countries fail
14-May-2019 10:32:30: 2 same countries fail
14-May-2019 10:32:30: 3 inside type 2
14-May-2019 10:35:25: 1 same countries fail
14-May-2019 10:35:25: 2 inside type 2
14-May-2019 10:35:25: 3 distinct countries fail
14-May-2019 10:38:28: 1 same countries fail
14-May-2019 10:38:28: 2 same countries fail
14-May-2019 10:38:28: 3 inside type 2
14-May-2019 10:38:52: 1 same countries fail
14-May-2019 10:38:52: 2 inside type 2
14-May-2019 10:38:52: 3 distinct countries fail
14-May-2019 10:39:03: 1 same countries fail
14-May-2019 10:39:03: 2 same countries fail
14-May-2019 10:39:03: 3 inside type 2
14-May-2019 10:40:15: 1 same countries fail
14-May-2019 10:40:15: 2 same countries fail
14-May-2019 10:40:15: 3 inside type 2
14-May-2019 10:40:18: 1 same countries fail
14-May-2019 10:40:18: 2 same countries fail
14-May-2019 10:40:18: 3 inside type 2
14-May-2019 10:40:32: 1 same countries fail
14-May-2019 10:40:32: 2 same countries fail
14-May-2019 10:40:32: 3 inside type 2
14-May-2019 10:40:34: 1 same countries fail
14-May-2019 10:40:34: 2 same countries fail
14-May-2019 10:40:34: 3 inside type 2
14-May-2019 10:40:41: 1 same countries fail
14-May-2019 10:40:41: 2 same countries fail
14-May-2019 10:40:41: 3 inside type 2
14-May-2019 10:40:43: 1 same countries fail
14-May-2019 10:40:43: 2 same countries fail
14-May-2019 10:40:43: 3 inside type 2
14-May-2019 10:47:40: 1 same countries fail
14-May-2019 10:47:40: 2 same countries fail
14-May-2019 10:47:40: 3 inside type 2
14-May-2019 10:47:44: 1 same countries fail
14-May-2019 10:47:44: 2 same countries fail
14-May-2019 10:47:44: 3 inside type 2
14-May-2019 10:47:46: 1 same countries fail
14-May-2019 10:47:46: 2 same countries fail
14-May-2019 10:47:46: 3 inside type 2
14-May-2019 10:48:29: 1 same countries fail
14-May-2019 10:48:29: 2 same countries fail
14-May-2019 10:48:29: 3 inside type 2
14-May-2019 10:48:32: 1 same countries fail
14-May-2019 10:48:32: 2 same countries fail
14-May-2019 10:48:32: 3 inside type 2
14-May-2019 10:48:42: 1 same countries fail
14-May-2019 10:48:42: 2 same countries fail
14-May-2019 10:48:42: 3 inside type 2
14-May-2019 10:48:43: 1 same countries fail
14-May-2019 10:48:43: 2 same countries fail
14-May-2019 10:48:43: 3 inside type 2
14-May-2019 10:49:18: 1 same countries fail
14-May-2019 10:49:18: 2 same countries fail
14-May-2019 10:49:18: 3 inside type 2
14-May-2019 10:49:19: 1 same countries fail
14-May-2019 10:49:19: 2 same countries fail
14-May-2019 10:49:19: 3 inside type 2
14-May-2019 10:52:47: 1 same countries fail
14-May-2019 10:52:47: 2 same countries fail
14-May-2019 10:52:47: 3 inside type 2
14-May-2019 11:55:35: 1 same countries fail
14-May-2019 11:55:35: 2 same countries fail
14-May-2019 11:55:35: 3 inside type 2
14-May-2019 12:01:54: 1 same countries fail
14-May-2019 12:01:54: 2 same countries fail
14-May-2019 12:01:54: 3 inside type 2
